<?xml version="1.0" encoding="UTF-8"?>
<!-- Generated by org.testng.reporters.JUnitXMLReporter -->
<testsuite ignored="6" hostname="DESKTOP-EMEUA3I" failures="1" tests="8" name="Test" time="295.058" errors="0" timestamp="2023-04-06T10:55:11 IST">
  <testcase classname="vtiger.ContactsTest.CreateContactsTest1" name="createContactsTest" time="22.183"/>
  <testcase classname="vtiger.ContactsTest.CreateContactsTest1" name="demo" time="0.003"/>
  <testcase classname="vtiger.CreateContactsWithOrganaizationTest.CreateContactWithOrganaization1" name="CreateContactWithOrganaization" time="42.051"/>
  <testcase classname="vtiger.OrganaizationTest.CreateOrganaizationTest1" name="CreateOrganaizationTest" time="22.861"/>
  <testcase classname="vtiger.CreateOrgWithMultipleTest.CreateOrgMultipleTest" name="createOrgMultipleTest" time="20.181"/>
  <testcase classname="vtiger.CreateOrgWithMultipleTest.CreateOrgMultipleTest" name="createOrgMultipleTest" time="19.317"/>
  <testcase classname="vtiger.CreateOrgWithMultipleTest.CreateOrgMultipleTest" name="createOrgMultipleTest" time="25.039">
    <failure type="org.openqa.selenium.NoSuchElementException" message="Cannot locate option with text: HealthCare
For documentation on this error, please visit: https://selenium.dev/exceptions/#no_such_element
Build info: version: &amp;apos;4.4.0&amp;apos;, revision: &amp;apos;e5c75ed026a&amp;apos;
System info: host: &amp;apos;DESKTOP-EMEUA3I&amp;apos;, ip: &amp;apos;192.168.246.1&amp;apos;, os.name: &amp;apos;Windows 10&amp;apos;, os.arch: &amp;apos;amd64&amp;apos;, os.version: &amp;apos;10.0&amp;apos;, java.version: &amp;apos;17.0.4.1&amp;apos;
Driver info: driver.version: unknown">
      <![CDATA[org.openqa.selenium.NoSuchElementException: Cannot locate option with text: HealthCare
For documentation on this error, please visit: https://selenium.dev/exceptions/#no_such_element
Build info: version: '4.4.0', revision: 'e5c75ed026a'
System info: host: 'DESKTOP-EMEUA3I', ip: '192.168.246.1', os.name: 'Windows 10', os.arch: 'amd64', os.version: '10.0', java.version: '17.0.4.1'
Driver info: driver.version: unknown
at org.openqa.selenium.support.ui.Select.selectByVisibleText(Select.java:151)
at vtiger.GenericUtilityes.WebDriverUtility.handleDropDown(WebDriverUtility.java:102)
at vtiger.ObjectRepository.CreateOrganaizationPage.createOrg(CreateOrganaizationPage.java:49)
at vtiger.CreateOrgWithMultipleTest.CreateOrgMultipleTest.createOrgMultipleTest(CreateOrgMultipleTest.java:52)
at java.base/java.util.ArrayList.forEach(ArrayList.java:1511)
... Removed 27 stack frames]]>
    </failure>
  </testcase> <!-- createOrgMultipleTest -->
  <testcase classname="vtiger.CreateOrgWithMultipleTest.CreateOrgMultipleTest" name="createOrgMultipleTest" time="19.579"/>
  <testcase classname="vtiger.GenericUtilityes.BaseClass" name="@BeforeSuite bsConfig" time="0.0">
    <ignored/>
  </testcase> <!-- @BeforeSuite bsConfig -->
  <testcase classname="vtiger.GenericUtilityes.BaseClass" name="@BeforeSuite bsConfig" time="0.0">
    <ignored/>
  </testcase> <!-- @BeforeSuite bsConfig -->
  <testcase classname="vtiger.GenericUtilityes.BaseClass" name="@BeforeSuite bsConfig" time="0.0">
    <ignored/>
  </testcase> <!-- @BeforeSuite bsConfig -->
  <testcase classname="vtiger.GenericUtilityes.BaseClass" name="@AfterSuite asConfig" time="0.0">
    <ignored/>
  </testcase> <!-- @AfterSuite asConfig -->
  <testcase classname="vtiger.GenericUtilityes.BaseClass" name="@AfterSuite asConfig" time="0.0">
    <ignored/>
  </testcase> <!-- @AfterSuite asConfig -->
  <testcase classname="vtiger.GenericUtilityes.BaseClass" name="@AfterSuite asConfig" time="0.0">
    <ignored/>
  </testcase> <!-- @AfterSuite asConfig -->
</testsuite> <!-- Test -->
